TN:
SF:src/modules/appointments/services/CreateAppointmentsService.ts
FN:23,CreateAppointmentsService
FN:36,Object.<anonymous>.CreateAppointmentsService.execute
FNF:2
FNH:2
FNDA:7,CreateAppointmentsService
FNDA:10,Object.<anonymous>.CreateAppointmentsService.execute
DA:1,1
DA:2,1
DA:3,1
DA:4,1
DA:5,1
DA:6,1
DA:7,1
DA:8,1
DA:9,1
DA:10,1
DA:11,1
DA:12,1
DA:13,1
DA:14,1
DA:15,1
DA:16,1
DA:17,3
DA:18,3
DA:19,3
DA:20,3
DA:21,3
DA:22,3
DA:23,3
DA:24,7
DA:25,7
DA:26,7
DA:27,7
DA:28,7
DA:29,7
DA:30,7
DA:31,7
DA:32,7
DA:33,7
DA:34,7
DA:35,3
DA:36,3
DA:37,10
DA:38,10
DA:39,1
DA:40,1
DA:41,9
DA:42,9
DA:43,9
DA:44,10
DA:45,1
DA:46,1
DA:47,8
DA:48,10
DA:49,1
DA:50,1
DA:51,7
DA:52,7
DA:53,10
DA:54,10
DA:55,1
DA:56,1
DA:57,6
DA:58,6
DA:59,10
DA:60,10
DA:61,10
DA:62,10
DA:63,10
DA:64,10
DA:65,10
DA:66,10
DA:67,10
DA:68,10
DA:69,10
DA:70,10
DA:71,10
DA:72,3
DA:73,1
DA:74,1
LF:74
LH:74
BRDA:17,0,0,3
BRDA:23,1,0,7
BRDA:36,2,0,10
BRDA:38,3,0,1
BRDA:41,4,0,9
BRDA:44,5,0,1
BRDA:47,6,0,8
BRDA:48,7,0,7
BRDA:48,8,0,1
BRDA:51,9,0,7
BRDA:54,10,0,1
BRDA:57,11,0,6
BRF:12
BRH:12
end_of_record
TN:
SF:src/modules/appointments/services/ListProviderAppointmentsService.ts
FN:17,ListProvidersAppointmentsService
FN:27,Object.<anonymous>.ListProvidersAppointmentsService.execute
FNF:2
FNH:2
FNDA:1,ListProvidersAppointmentsService
FNDA:1,Object.<anonymous>.ListProvidersAppointmentsService.execute
DA:1,1
DA:2,1
DA:3,1
DA:4,1
DA:5,1
DA:6,1
DA:7,1
DA:8,1
DA:9,1
DA:10,1
DA:11,1
DA:12,1
DA:13,1
DA:14,1
DA:15,1
DA:16,1
DA:17,1
DA:18,1
DA:19,1
DA:20,1
DA:21,1
DA:22,1
DA:23,1
DA:24,1
DA:25,1
DA:26,1
DA:27,1
DA:28,1
DA:29,1
DA:30,1
DA:31,1
DA:32,1
DA:33,1
DA:34,1
DA:35,1
DA:36,1
DA:37,1
DA:38,1
DA:39,1
DA:40,1
DA:41,1
DA:42,1
DA:43,1
DA:44,1
DA:45,1
DA:46,1
DA:47,1
DA:48,1
DA:49,1
DA:50,1
DA:51,1
DA:52,1
DA:53,1
DA:54,1
LF:54
LH:54
BRDA:15,0,0,1
BRDA:17,1,0,1
BRDA:27,2,0,1
BRDA:33,3,0,0
BRDA:49,4,0,1
BRF:5
BRH:4
end_of_record
TN:
SF:src/modules/appointments/services/ListProvidersDayAvailabilityService.ts
FN:20,ListProvidersDayAvailabilityService
FN:27,Object.<anonymous>.ListProvidersDayAvailabilityService.execute
FNF:2
FNH:2
FNDA:1,ListProvidersDayAvailabilityService
FNDA:1,Object.<anonymous>.ListProvidersDayAvailabilityService.execute
DA:1,1
DA:2,1
DA:3,1
DA:4,1
DA:5,1
DA:6,1
DA:7,1
DA:8,1
DA:9,1
DA:10,1
DA:11,1
DA:12,1
DA:13,1
DA:14,1
DA:15,1
DA:16,1
DA:17,1
DA:18,1
DA:19,1
DA:20,1
DA:21,1
DA:22,1
DA:23,1
DA:24,1
DA:25,1
DA:26,1
DA:27,1
DA:28,1
DA:29,1
DA:30,1
DA:31,1
DA:32,1
DA:33,1
DA:34,1
DA:35,1
DA:36,1
DA:37,1
DA:38,1
DA:39,1
DA:40,1
DA:41,1
DA:42,1
DA:43,1
DA:44,1
DA:45,1
DA:46,1
DA:47,1
DA:48,10
DA:49,10
DA:50,10
DA:51,10
DA:52,10
DA:53,10
DA:54,10
DA:55,10
DA:56,10
DA:57,1
DA:58,1
DA:59,1
DA:60,1
DA:61,1
DA:62,1
DA:63,1
DA:64,1
LF:64
LH:64
BRDA:18,0,0,1
BRDA:20,1,0,1
BRDA:27,2,0,1
BRDA:29,3,0,1
BRDA:42,4,0,10
BRDA:47,5,0,10
BRDA:54,6,0,8
BRDA:48,7,0,19
BRF:8
BRH:8
end_of_record
TN:
SF:src/modules/appointments/services/ListProvidersMonthAvailabilityService.ts
FN:19,ListProvidersMonthAvailabilityService
FN:26,Object.<anonymous>.ListProvidersMonthAvailabilityService.execute
FNF:2
FNH:2
FNDA:1,ListProvidersMonthAvailabilityService
FNDA:1,Object.<anonymous>.ListProvidersMonthAvailabilityService.execute
DA:1,1
DA:2,1
DA:3,1
DA:4,1
DA:5,1
DA:6,1
DA:7,1
DA:8,1
DA:9,1
DA:10,1
DA:11,1
DA:12,1
DA:13,1
DA:14,1
DA:15,1
DA:16,1
DA:17,1
DA:18,1
DA:19,1
DA:20,1
DA:21,1
DA:22,1
DA:23,1
DA:24,1
DA:25,1
DA:26,1
DA:27,1
DA:28,1
DA:29,1
DA:30,1
DA:31,1
DA:32,1
DA:33,1
DA:34,1
DA:35,1
DA:36,1
DA:37,1
DA:38,1
DA:39,1
DA:40,1
DA:41,1
DA:42,1
DA:43,30
DA:44,30
DA:45,30
DA:46,30
DA:47,30
DA:48,30
DA:49,30
DA:50,1
DA:51,1
DA:52,1
DA:53,1
DA:54,1
DA:55,1
DA:56,1
DA:57,1
LF:57
LH:57
BRDA:17,0,0,1
BRDA:19,1,0,1
BRDA:26,2,0,1
BRDA:28,3,0,1
BRDA:39,4,0,30
BRDA:42,5,0,30
BRDA:43,6,0,330
BRF:7
BRH:7
end_of_record
TN:
SF:src/modules/appointments/services/ListProvidersService.ts
FN:13,ListProvidersService
FN:24,Object.<anonymous>.ListProvidersService.execute
FNF:2
FNH:2
FNDA:1,ListProvidersService
FNDA:1,Object.<anonymous>.ListProvidersService.execute
DA:1,1
DA:2,1
DA:3,1
DA:4,1
DA:5,1
DA:6,1
DA:7,1
DA:8,1
DA:9,1
DA:10,1
DA:11,1
DA:12,1
DA:13,1
DA:14,1
DA:15,1
DA:16,1
DA:17,1
DA:18,1
DA:19,1
DA:20,1
DA:21,1
DA:22,1
DA:23,1
DA:24,1
DA:25,1
DA:26,1
DA:27,1
DA:28,1
DA:29,1
DA:30,1
DA:31,1
DA:32,1
DA:33,1
DA:34,1
DA:35,1
DA:36,1
DA:37,1
DA:38,1
DA:39,1
DA:40,1
DA:41,1
DA:42,1
DA:43,1
DA:44,1
DA:45,1
LF:45
LH:45
BRDA:8,0,0,1
BRDA:13,1,0,1
BRDA:24,2,0,1
BRDA:26,3,0,1
BRDA:28,4,0,0
BRDA:40,5,0,1
BRF:6
BRH:5
end_of_record
TN:
SF:src/modules/users/services/AuthenticateUserService.ts
FN:23,AuthenticateUserService
FN:35,Object.<anonymous>.AuthenticateUserService.execute
FNF:2
FNH:2
FNDA:3,AuthenticateUserService
FNDA:3,Object.<anonymous>.AuthenticateUserService.execute
DA:1,1
DA:2,1
DA:3,1
DA:4,1
DA:5,1
DA:6,1
DA:7,1
DA:8,1
DA:9,1
DA:10,1
DA:11,1
DA:12,1
DA:13,1
DA:14,1
DA:15,1
DA:16,1
DA:17,1
DA:18,1
DA:19,1
DA:20,1
DA:21,1
DA:22,1
DA:23,1
DA:24,3
DA:25,3
DA:26,3
DA:27,3
DA:28,3
DA:29,3
DA:30,3
DA:31,3
DA:32,3
DA:33,3
DA:34,1
DA:35,1
DA:36,3
DA:37,3
DA:38,3
DA:39,3
DA:40,3
DA:41,1
DA:42,1
DA:43,2
DA:44,2
DA:45,3
DA:46,3
DA:47,1
DA:48,1
DA:49,1
DA:50,1
DA:51,1
DA:52,1
DA:53,1
DA:54,1
DA:55,1
DA:56,1
DA:57,1
DA:58,1
DA:59,1
DA:60,1
DA:61,3
DA:62,3
DA:63,1
DA:64,1
DA:65,1
LF:65
LH:65
BRDA:17,0,0,1
BRDA:23,1,0,3
BRDA:35,2,0,3
BRDA:38,3,0,3
BRDA:40,4,0,1
BRDA:43,5,0,2
BRDA:46,6,0,1
BRF:7
BRH:7
end_of_record
TN:
SF:src/modules/users/services/CreateUsersService.ts
FN:22,CreateUsersService
FN:36,Object.<anonymous>.CreateUsersService.execute
FNF:2
FNH:2
FNDA:9,CreateUsersService
FNDA:5,Object.<anonymous>.CreateUsersService.execute
DA:1,1
DA:2,1
DA:3,1
DA:4,1
DA:5,1
DA:6,1
DA:7,1
DA:8,1
DA:9,1
DA:10,1
DA:11,1
DA:12,1
DA:13,1
DA:14,1
DA:15,1
DA:16,3
DA:17,3
DA:18,3
DA:19,3
DA:20,3
DA:21,3
DA:22,3
DA:23,9
DA:24,9
DA:25,9
DA:26,9
DA:27,9
DA:28,9
DA:29,9
DA:30,9
DA:31,9
DA:32,9
DA:33,9
DA:34,9
DA:35,3
DA:36,3
DA:37,5
DA:38,5
DA:39,5
DA:40,5
DA:41,0
DA:42,0
DA:43,5
DA:44,5
DA:45,5
DA:46,5
DA:47,5
DA:48,5
DA:49,5
DA:50,5
DA:51,5
DA:52,5
DA:53,5
DA:54,5
DA:55,5
DA:56,5
DA:57,3
DA:58,1
DA:59,1
LF:59
LH:57
BRDA:16,0,0,3
BRDA:22,1,0,9
BRDA:36,2,0,5
BRDA:38,3,0,5
BRDA:40,4,0,0
BRF:5
BRH:4
end_of_record
TN:
SF:src/modules/users/services/ResetPasswordService.ts
FN:21,ResetPasswordService
FN:35,Object.<anonymous>.ResetPasswordService.execute
FNF:2
FNH:2
FNDA:4,ResetPasswordService
FNDA:4,Object.<anonymous>.ResetPasswordService.execute
DA:1,1
DA:2,1
DA:3,1
DA:4,1
DA:5,1
DA:6,1
DA:7,1
DA:8,1
DA:9,1
DA:10,1
DA:11,1
DA:12,1
DA:13,1
DA:14,1
DA:15,1
DA:16,1
DA:17,1
DA:18,1
DA:19,1
DA:20,1
DA:21,1
DA:22,4
DA:23,4
DA:24,4
DA:25,4
DA:26,4
DA:27,4
DA:28,4
DA:29,4
DA:30,4
DA:31,4
DA:32,4
DA:33,4
DA:34,1
DA:35,1
DA:36,4
DA:37,4
DA:38,4
DA:39,4
DA:40,1
DA:41,1
DA:42,3
DA:43,3
DA:44,4
DA:45,4
DA:46,1
DA:47,1
DA:48,2
DA:49,2
DA:50,2
DA:51,4
DA:52,1
DA:53,1
DA:54,1
DA:55,1
DA:56,4
DA:57,4
DA:58,4
DA:59,4
DA:60,1
DA:61,1
DA:62,1
LF:62
LH:62
BRDA:14,0,0,1
BRDA:21,1,0,4
BRDA:35,2,0,4
BRDA:37,3,0,4
BRDA:39,4,0,1
BRDA:42,5,0,3
BRDA:45,6,0,1
BRDA:48,7,0,2
BRDA:51,8,0,1
BRF:9
BRH:9
end_of_record
TN:
SF:src/modules/users/services/SendForgotPasswordEmailService.ts
FN:19,SendForgotPasswordEmailService
FN:33,Object.<anonymous>.SendForgotPasswordEmailService.execute
FNF:2
FNH:2
FNDA:3,SendForgotPasswordEmailService
FNDA:3,Object.<anonymous>.SendForgotPasswordEmailService.execute
DA:1,1
DA:2,1
DA:3,1
DA:4,1
DA:5,1
DA:6,1
DA:7,1
DA:8,1
DA:9,1
DA:10,1
DA:11,1
DA:12,1
DA:13,1
DA:14,1
DA:15,1
DA:16,1
DA:17,1
DA:18,1
DA:19,1
DA:20,3
DA:21,3
DA:22,3
DA:23,3
DA:24,3
DA:25,3
DA:26,3
DA:27,3
DA:28,3
DA:29,3
DA:30,3
DA:31,3
DA:32,1
DA:33,1
DA:34,3
DA:35,3
DA:36,3
DA:37,3
DA:38,1
DA:39,1
DA:40,2
DA:41,2
DA:42,3
DA:43,3
DA:44,3
DA:45,3
DA:46,3
DA:47,3
DA:48,3
DA:49,3
DA:50,3
DA:51,3
DA:52,3
DA:53,3
DA:54,3
DA:55,3
DA:56,3
DA:57,3
DA:58,3
DA:59,3
DA:60,3
DA:61,1
DA:62,1
DA:63,1
LF:63
LH:63
BRDA:13,0,0,1
BRDA:19,1,0,3
BRDA:33,2,0,3
BRDA:35,3,0,3
BRDA:37,4,0,1
BRDA:40,5,0,2
BRF:6
BRH:6
end_of_record
TN:
SF:src/modules/users/services/ShowUserService.ts
FN:12,ShowUserService
FN:20,Object.<anonymous>.ShowUserService.execute
FNF:2
FNH:2
FNDA:2,ShowUserService
FNDA:2,Object.<anonymous>.ShowUserService.execute
DA:1,1
DA:2,1
DA:3,1
DA:4,1
DA:5,1
DA:6,1
DA:7,1
DA:8,1
DA:9,1
DA:10,1
DA:11,1
DA:12,1
DA:13,2
DA:14,2
DA:15,2
DA:16,2
DA:17,2
DA:18,2
DA:19,1
DA:20,1
DA:21,2
DA:22,2
DA:23,2
DA:24,2
DA:25,1
DA:26,1
DA:27,1
DA:28,1
DA:29,2
DA:30,2
DA:31,1
DA:32,1
DA:33,1
LF:33
LH:33
BRDA:8,0,0,1
BRDA:12,1,0,2
BRDA:20,2,0,2
BRDA:22,3,0,2
BRDA:24,4,0,1
BRF:5
BRH:5
end_of_record
TN:
SF:src/modules/users/services/UpdateUserService.ts
FN:26,UpdateUserService
FN:37,Object.<anonymous>.UpdateUserService.execute
FNF:2
FNH:2
FNDA:5,UpdateUserService
FNDA:5,Object.<anonymous>.UpdateUserService.execute
DA:1,1
DA:2,1
DA:3,1
DA:4,1
DA:5,1
DA:6,1
DA:7,1
DA:8,1
DA:9,1
DA:10,1
DA:11,1
DA:12,1
DA:13,1
DA:14,1
DA:15,1
DA:16,1
DA:17,1
DA:18,1
DA:19,1
DA:20,1
DA:21,1
DA:22,1
DA:23,1
DA:24,1
DA:25,1
DA:26,1
DA:27,5
DA:28,5
DA:29,5
DA:30,5
DA:31,5
DA:32,5
DA:33,5
DA:34,5
DA:35,5
DA:36,1
DA:37,1
DA:38,5
DA:39,5
DA:40,5
DA:41,5
DA:42,1
DA:43,1
DA:44,4
DA:45,4
DA:46,5
DA:47,5
DA:48,1
DA:49,1
DA:50,3
DA:51,3
DA:52,3
DA:53,3
DA:54,3
DA:55,3
DA:56,5
DA:57,1
DA:58,1
DA:59,1
DA:60,2
DA:61,2
DA:62,5
DA:63,5
DA:64,1
DA:65,1
DA:66,1
DA:67,1
DA:68,5
DA:69,5
DA:70,5
DA:71,5
DA:72,5
DA:73,5
DA:74,5
DA:75,5
DA:76,5
DA:77,1
DA:78,1
DA:79,1
LF:79
LH:79
BRDA:21,0,0,1
BRDA:26,1,0,5
BRDA:37,2,0,5
BRDA:39,3,0,5
BRDA:41,4,0,1
BRDA:44,5,0,4
BRDA:47,6,0,1
BRDA:47,7,0,1
BRDA:50,8,0,3
BRDA:54,9,0,0
BRDA:54,10,0,3
BRDA:56,11,0,1
BRDA:60,12,0,2
BRDA:63,13,0,1
BRDA:71,14,0,1
BRF:15
BRH:14
end_of_record
TN:
SF:src/modules/users/services/UploadAvatarService.ts
FN:22,UploadAvatarService
FN:33,Object.<anonymous>.UploadAvatarService.execute
FNF:2
FNH:2
FNDA:3,UploadAvatarService
FNDA:4,Object.<anonymous>.UploadAvatarService.execute
DA:1,1
DA:2,1
DA:3,1
DA:4,1
DA:5,1
DA:6,1
DA:7,1
DA:8,1
DA:9,1
DA:10,1
DA:11,1
DA:12,1
DA:13,1
DA:14,1
DA:15,1
DA:16,1
DA:17,1
DA:18,1
DA:19,1
DA:20,1
DA:21,1
DA:22,1
DA:23,3
DA:24,3
DA:25,3
DA:26,3
DA:27,3
DA:28,3
DA:29,3
DA:30,3
DA:31,3
DA:32,1
DA:33,1
DA:34,4
DA:35,4
DA:36,4
DA:37,4
DA:38,1
DA:39,1
DA:40,3
DA:41,3
DA:42,1
DA:43,1
DA:44,1
DA:45,1
DA:46,1
DA:47,1
DA:48,1
DA:49,4
DA:50,4
DA:51,4
DA:52,4
DA:53,4
DA:54,4
DA:55,4
DA:56,4
DA:57,4
DA:58,4
DA:59,4
DA:60,1
DA:61,1
DA:62,1
LF:62
LH:62
BRDA:17,0,0,1
BRDA:22,1,0,3
BRDA:33,2,0,4
BRDA:35,3,0,4
BRDA:37,4,0,1
BRDA:40,5,0,3
BRDA:41,6,0,2
BRDA:41,7,0,1
BRDA:51,8,0,3
BRF:9
BRH:9
end_of_record
